<?xml version="1.0" encoding="UTF-8"?>
<!-- Generated by org.testng.reporters.JUnitReportReporter -->
<testsuite hostname="Admin-PC" name="practice.day3" tests="3" failures="0" timestamp="28 Jul 2020 07:56:00 GMT" time="0.071" errors="1">
  <testcase name="Mobilelogincarloan" time="0.036" classname="practice.day3"/>
  <testcase name="weblogincarloan" time="0.002" classname="practice.day3">
    <error type="org.testng.TestNGException" message="
Parameter &#039;URL&#039; is required by @Test on method weblogincarloan but has not been marked @Optional or defined
in C:\Users\Admin\workspace\Workspace1\TestNG\testng1.xml">
      <![CDATA[org.testng.TestNGException: 
Parameter 'URL' is required by @Test on method weblogincarloan but has not been marked @Optional or defined
in C:\Users\Admin\workspace\Workspace1\TestNG\testng1.xml
	at org.testng.internal.Parameters.createParameters(Parameters.java:154)
	at org.testng.internal.Parameters.createParameters(Parameters.java:361)
	at org.testng.internal.Parameters.handleParameters(Parameters.java:451)
	at org.testng.internal.Invoker.handleParameters(Invoker.java:1270)
	at org.testng.internal.Invoker.createParameters(Invoker.java:985)
	at org.testng.internal.Invoker.invokeTestMethods(Invoker.java:1075)
	at org.testng.internal.TestMethodWorker.invokeTestMethods(TestMethodWorker.java:125)
	at org.testng.internal.TestMethodWorker.run(TestMethodWorker.java:108)
	at org.testng.TestRunner.privateRun(TestRunner.java:774)
	at org.testng.TestRunner.run(TestRunner.java:624)
	at org.testng.SuiteRunner.runTest(SuiteRunner.java:359)
	at org.testng.SuiteRunner.access$000(SuiteRunner.java:39)
	at org.testng.SuiteRunner$SuiteWorker.run(SuiteRunner.java:393)
	at org.testng.internal.thread.ThreadUtil$2.call(ThreadUtil.java:64)
	at java.util.concurrent.FutureTask.run(FutureTask.java:266)
	at java.util.concurrent.ThreadPoolExecutor.runWorker(ThreadPoolExecutor.java:1149)
	at java.util.concurrent.ThreadPoolExecutor$Worker.run(ThreadPoolExecutor.java:624)
	at java.lang.Thread.run(Thread.java:748)
]]>
    </error>
  </testcase> <!-- weblogincarloan -->
  <testcase name="MobilesignoutcarLoan" time="0.033" classname="practice.day3"/>
</testsuite> <!-- practice.day3 -->
